<?xml version="1.0" encoding="UTF-8"?>
<!-- Generated by org.testng.reporters.JUnitReportReporter -->
<testsuite hostname="Ozole" failures="0" tests="1" name="Test.SettingsTimeChange" time="46.900" errors="0" timestamp="2022-10-15T17:45:17 IST" skipped="0">
  <testcase classname="Test.SettingsTimeChange" name="settings" time="46.900"/>
  <system-out/>
</testsuite> <!-- Test.SettingsTimeChange -->
