<?xml version="1.0" encoding="UTF-8"?>
<!-- Generated by org.testng.reporters.JUnitReportReporter -->
<testsuite hostname="Ozole" failures="0" tests="1" name="Test.ExclusiveTaxTest" time="74.720" errors="0" timestamp="2022-07-30T11:29:50 IST" skipped="0">
  <testcase classname="Test.ExclusiveTaxTest" name="TestData" time="74.720"/>
  <system-out/>
</testsuite> <!-- Test.ExclusiveTaxTest -->
