<?xml version="1.0" encoding="UTF-8"?>
<!-- Generated by org.testng.reporters.JUnitReportReporter -->
<testsuite hostname="Ozole" failures="0" tests="1" name="Test.InclusiveTaxTest" time="95.256" errors="0" timestamp="2022-07-30T13:30:54 IST" skipped="0">
  <testcase classname="Test.InclusiveTaxTest" name="TestData" time="95.256"/>
  <system-out/>
</testsuite> <!-- Test.InclusiveTaxTest -->
