<?xml version="1.0" encoding="UTF-8"?>
<!-- Generated by org.testng.reporters.JUnitReportReporter -->
<testsuite hostname="Ozole" failures="0" tests="1" name="Test.AddPurchaseSupplier" time="90.981" errors="0" timestamp="2022-07-26T09:11:17 IST" skipped="0">
  <testcase classname="Test.AddPurchaseSupplier" name="TestData" time="90.981"/>
  <system-out/>
</testsuite> <!-- Test.AddPurchaseSupplier -->
