<?xml version="1.0" encoding="UTF-8"?>
<!-- Generated by org.testng.reporters.JUnitReportReporter -->
<testsuite hostname="Ozole" failures="0" tests="1" name="Test.varInclusiveTaxTest" time="90.536" errors="0" timestamp="2022-10-04T16:17:34 IST" skipped="0">
  <testcase classname="Test.varInclusiveTaxTest" name="TestData" time="90.536"/>
  <system-out/>
</testsuite> <!-- Test.varInclusiveTaxTest -->
