<?xml version="1.0" encoding="UTF-8"?>
<!-- Generated by org.testng.reporters.JUnitReportReporter -->
<testsuite hostname="Ozole" failures="0" tests="1" name="Test.AddProductsTest" time="52.761" errors="0" timestamp="2022-10-15T13:36:42 IST" skipped="0">
  <testcase classname="Test.AddProductsTest" name="invokeMethods" time="52.761"/>
  <system-out/>
</testsuite> <!-- Test.AddProductsTest -->
