<?xml version="1.0" encoding="UTF-8"?>
<!-- Generated by org.testng.reporters.JUnitReportReporter -->
<testsuite hostname="Ozole" failures="0" tests="1" name="Test.varExclusiveTaxTest" time="69.989" errors="0" timestamp="2022-10-01T17:45:24 IST" skipped="0">
  <testcase classname="Test.varExclusiveTaxTest" name="TestData" time="69.989"/>
  <system-out/>
</testsuite> <!-- Test.varExclusiveTaxTest -->
