<?xml version="1.0" encoding="UTF-8"?>
<!-- Generated by org.testng.reporters.JUnitReportReporter -->
<testsuite hostname="Ozole" failures="0" tests="1" name="Test.Reports" time="45.186" errors="0" timestamp="2022-07-28T15:10:18 IST" skipped="0">
  <testcase classname="Test.Reports" name="TestData" time="45.186"/>
  <system-out/>
</testsuite> <!-- Test.Reports -->
