<?xml version="1.0" encoding="UTF-8"?>
<!-- Generated by org.testng.reporters.JUnitReportReporter -->
<testsuite hostname="Ozole" failures="0" tests="1" name="Test.AddSaleMapTest" time="0.000" errors="0" timestamp="2022-06-23T11:57:30 IST" skipped="1">
  <testcase classname="Test.AddSaleMapTest" name="TestData" time="0.000">
    <skipped/>
  </testcase> <!-- TestData -->
  <system-out/>
</testsuite> <!-- Test.AddSaleMapTest -->
