<?xml version="1.0" encoding="UTF-8"?>
<!-- Generated by org.testng.reporters.JUnitReportReporter -->
<testsuite hostname="Ozole" failures="0" tests="2" name="Test.doubleValues" time="0.049" errors="0" timestamp="2022-10-03T14:41:55 IST" skipped="1">
  <testcase classname="Test.doubleValues" name="doubleval" time="0.049"/>
  <system-out/>
  <testcase classname="Test.doubleValues" name="doublevalue">
    <skipped/>
  </testcase> <!-- doublevalue -->
  <system-out/>
</testsuite> <!-- Test.doubleValues -->
